[02:08:40] [ServerMain/INFO]: Environment: Environment[sessionHost=https://sessionserver.mojang.com, servicesHost=https://api.minecraftservices.com, name=PROD]
[02:08:44] [ServerMain/INFO]: Loaded 1407 recipes
[02:08:44] [ServerMain/INFO]: Loaded 1520 advancements
[02:08:44] [Server thread/INFO]: Starting minecraft server version 1.21.8
[02:08:44] [Server thread/INFO]: Loading properties
[02:08:44] [Server thread/INFO]: Default game type: SURVIVAL
[02:08:44] [Server thread/INFO]: Generating keypair
[02:08:44] [Server thread/INFO]: Starting Minecraft server on *:25565
[02:08:44] [Server thread/INFO]: Using epoll channel type
[02:08:44] [Server thread/WARN]: **** SERVER IS RUNNING IN OFFLINE/INSECURE MODE!
[02:08:44] [Server thread/WARN]: The server will make no attempt to authenticate usernames. Beware.
[02:08:44] [Server thread/WARN]: While this makes the game possible to play without internet access, it also opens up the ability for hackers to connect with any username they choose.
[02:08:44] [Server thread/WARN]: To change this, set "online-mode" to "true" in the server.properties file.
[02:08:44] [Server thread/INFO]: Preparing level "world"
[02:08:56] [Server thread/INFO]: Preparing start region for dimension minecraft:overworld
[02:08:56] [Worker-Main-1/INFO]: Preparing spawn area: 2%
[02:08:56] [Worker-Main-1/INFO]: Preparing spawn area: 2%
[02:08:57] [Worker-Main-1/INFO]: Preparing spawn area: 2%
[02:08:57] [Worker-Main-1/INFO]: Preparing spawn area: 2%
[02:08:58] [Worker-Main-1/INFO]: Preparing spawn area: 2%
[02:08:58] [Worker-Main-1/INFO]: Preparing spawn area: 2%
[02:08:59] [Worker-Main-1/INFO]: Preparing spawn area: 2%
[02:08:59] [Worker-Main-1/INFO]: Preparing spawn area: 2%
[02:09:00] [Worker-Main-1/INFO]: Preparing spawn area: 2%
[02:09:00] [Worker-Main-1/INFO]: Preparing spawn area: 2%
[02:09:01] [Worker-Main-1/INFO]: Preparing spawn area: 2%
[02:09:01] [Worker-Main-1/INFO]: Preparing spawn area: 2%
[02:09:02] [Worker-Main-1/INFO]: Preparing spawn area: 2%
[02:09:02] [Worker-Main-1/INFO]: Preparing spawn area: 2%
[02:09:03] [Worker-Main-1/INFO]: Preparing spawn area: 2%
[02:09:03] [Worker-Main-1/INFO]: Preparing spawn area: 2%
[02:09:04] [Worker-Main-1/INFO]: Preparing spawn area: 28%
[02:09:04] [Server thread/INFO]: Time elapsed: 8158 ms
[02:09:04] [Server thread/INFO]: Done (19.836s)! For help, type "help"
[02:09:49] [Server thread/INFO]: panchi06[/100.120.60.17:54640] logged in with entity id 19 at (55.5, 66.0, -100.5)
[02:09:49] [Server thread/INFO]: panchi06 joined the game
[02:09:54] [Server thread/INFO]: rooobiiii[/100.124.118.31:59113] logged in with entity id 62 at (69.5, 67.0, -100.5)
[02:09:54] [Server thread/INFO]: rooobiiii joined the game
[02:10:58] [Server thread/INFO]: panchi06 has made the advancement [Stone Age]
[02:11:41] [Server thread/INFO]: panchi06 has made the advancement [Getting an Upgrade]
[02:12:48] [Server thread/INFO]: panchi06 has made the advancement [Suit Up]
[02:12:49] [Server thread/INFO]: panchi06 has made the advancement [Acquire Hardware]
[02:14:07] [Server thread/INFO]: Unknown or incomplete command, see below for error
[02:14:07] [Server thread/INFO]: mod rooobiiii<--[HERE]
[02:14:13] [Server thread/INFO]: Made rooobiiii a server operator
[02:14:39] [Server thread/INFO]: [rooobiiii: Gamerule playersSleepingPercentage is now set to: 1]
[02:14:54] [Server thread/INFO]: [Not Secure] <panchi06> 336 -205
[02:15:05] [Server thread/INFO]: [rooobiiii: Created new objective [vida]]
[02:15:23] [Server thread/INFO]: [rooobiiii: Set display slot list to show objective vida]
[02:15:27] [Server thread/INFO]: [rooobiiii: Made rooobiiii no longer a server operator]
[02:15:54] [Server thread/INFO]: rooobiiii has made the advancement [Stone Age]
[02:16:21] [Server thread/INFO]: rooobiiii has made the advancement [Getting an Upgrade]
[02:20:05] [Server thread/INFO]: panchi06 has made the advancement [Sweet Dreams]
[02:21:22] [Server thread/INFO]: rooobiiii has made the advancement [Monster Hunter]
[02:30:38] [Server thread/INFO]: rooobiiii has made the advancement [Acquire Hardware]
[02:30:39] [Server thread/INFO]: [Not Secure] <panchi06> z
[02:30:39] [Server thread/INFO]: [Not Secure] <panchi06> z
[02:30:40] [Server thread/INFO]: [Not Secure] <panchi06> z
[02:30:40] [Server thread/INFO]: [Not Secure] <panchi06> z
[02:30:40] [Server thread/INFO]: [Not Secure] <panchi06> z
[02:30:40] [Server thread/INFO]: [Not Secure] <panchi06> z
[02:30:40] [Server thread/INFO]: [Not Secure] <panchi06> z
[02:30:41] [Server thread/INFO]: [Not Secure] <panchi06> z
[02:30:41] [Server thread/INFO]: [Not Secure] <panchi06> z
[02:38:59] [Server thread/INFO]: rooobiiii has made the advancement [Suit Up]
[02:39:54] [Server thread/WARN]: Mismatch in destroy block pos: jb{x=339, y=74, z=-227} jb{x=339, y=72, z=-227}
[02:42:04] [Server thread/INFO]: jerecasla[/100.119.239.124:56280] logged in with entity id 8348 at (66.5, 67.0, -104.5)
[02:42:04] [Server thread/INFO]: jerecasla joined the game
[02:42:14] [Server thread/WARN]: Mismatch in destroy block pos: jb{x=288, y=90, z=-274} jb{x=288, y=88, z=-274}
[02:44:20] [Server thread/WARN]: jerecasla moved wrongly!
[02:48:13] [Server thread/INFO]: rooobiiii lost connection: Timed out
[02:48:13] [Server thread/INFO]: rooobiiii left the game
[02:48:13] [Server thread/WARN]: handleDisconnection() called twice
[02:48:16] [Server thread/INFO]: rooobiiii[/100.124.118.31:60066] logged in with entity id 10660 at (293.55606909183143, 79.0, -232.91203699230957)
[02:48:16] [Server thread/INFO]: rooobiiii joined the game
[02:48:24] [Server thread/INFO]: [Not Secure] <jerecasla> _V
[02:50:35] [Server thread/INFO]: rooobiiii has made the advancement [Isn't It Iron Pick]
[02:51:01] [Server thread/INFO]: jerecasla has made the advancement [Stone Age]
[02:51:23] [Server thread/INFO]: jerecasla has made the advancement [Getting an Upgrade]
[02:52:27] [Server thread/INFO]: jerecasla has made the advancement [Monster Hunter]
[02:52:36] [Server thread/INFO]: panchi06 has made the advancement [A Seedy Place]
[02:55:14] [Server thread/INFO]: [Not Secure] <jerecasla> El pepe :v
[02:55:36] [Server thread/INFO]: Villager cuf['Cartographer'/869, l='ServerLevel[world]', x=289.39, y=96.00, z=-311.38] died, message: 'Cartographer was shot by Pillager'
[02:55:38] [Server thread/INFO]: jerecasla has made the advancement [Acquire Hardware]
[02:56:25] [Server thread/INFO]: [Not Secure] <jerecasla> estoy dentro
[02:56:32] [Server thread/INFO]: [Not Secure] <jerecasla> pepe
[02:56:33] [Server thread/INFO]: [Not Secure] <jerecasla> el
[02:56:54] [Server thread/INFO]: [Not Secure] <jerecasla> tilin
[02:56:55] [Server thread/INFO]: [Not Secure] <jerecasla> eso
[02:56:57] [Server thread/INFO]: [Not Secure] <jerecasla> sech
[02:56:59] [Server thread/INFO]: [Not Secure] <jerecasla> ete
[02:57:10] [Server thread/INFO]: [Not Secure] <jerecasla> mmmmm
[02:57:12] [Server thread/INFO]: [Not Secure] <jerecasla> oxxo
[02:57:13] [Server thread/INFO]: [Not Secure] <jerecasla> niño
[02:59:02] [Server thread/INFO]: rooobiiii has made the advancement [Diamonds!]
[03:01:00] [Server thread/WARN]: rooobiiii moved too quickly! -2.6295125984605647,0.003016261509046103,9.68430884001571
[03:01:00] [Server thread/WARN]: Can't keep up! Is the server overloaded? Running 2015ms or 40 ticks behind
[03:02:20] [Server thread/INFO]: jerecasla has made the advancement [Voluntary Exile]
[03:06:05] [Server thread/INFO]: rooobiiii has made the advancement [Cover Me with Diamonds]
[03:07:02] [Server thread/INFO]: rooobiiii has made the advancement [Ice Bucket Challenge]
[03:11:56] [Server thread/INFO]: [Not Secure] <panchi06> 348 -200
[03:20:04] [Server thread/INFO]: jerecasla was shot by Pillager
[03:22:59] [Server thread/INFO]: jerecasla has made the advancement [Isn't It Iron Pick]
[03:24:24] [Server thread/INFO]: [Not Secure] <panchi06> z
[03:24:24] [Server thread/INFO]: [Not Secure] <panchi06> z
[03:24:24] [Server thread/INFO]: [Not Secure] <panchi06> z
[03:24:25] [Server thread/INFO]: [Not Secure] <panchi06> z
[03:24:25] [Server thread/INFO]: [Not Secure] <panchi06> z
[03:24:25] [Server thread/INFO]: [Not Secure] <panchi06> z
[03:24:25] [Server thread/INFO]: [Not Secure] <panchi06> z
[03:24:25] [Server thread/INFO]: [Not Secure] <panchi06> z
[03:24:26] [Server thread/INFO]: [Not Secure] <panchi06> z
[03:24:46] [Server thread/INFO]: jerecasla has made the advancement [Ol' Betsy]
[03:26:28] [Server thread/INFO]: jerecasla has made the advancement [Take Aim]
[03:27:42] [Server thread/INFO]: rooobiiii has made the advancement [We Need to Go Deeper]
[03:27:44] [Server thread/WARN]: Can't keep up! Is the server overloaded? Running 5002ms or 100 ticks behind
[03:27:55] [Server thread/INFO]: panchi06 has made the advancement [We Need to Go Deeper]
[03:28:23] [Server thread/INFO]: rooobiiii lost connection: Disconnected
[03:28:23] [Server thread/INFO]: rooobiiii left the game
[03:28:35] [Server thread/INFO]: panchi06 lost connection: Disconnected
[03:28:35] [Server thread/INFO]: panchi06 left the game
[03:29:45] [Server thread/INFO]: jerecasla lost connection: Disconnected
[03:29:45] [Server thread/INFO]: jerecasla left the game
[03:30:45] [Server thread/INFO]: Server empty for 60 seconds, pausing
